0 verbose cli /usr/local/bin/node /usr/local/bin/npm
1 info using npm@10.8.2
2 info using node@v20.20.2
3 silly config load:file:/usr/local/lib/node_modules/npm/npmrc
4 silly config load:file:/app/.npmrc
5 silly config load:file:/.npmrc
6 silly config load:file:/usr/local/etc/npmrc
7 verbose title npm install geist
8 verbose argv "install" "geist"
9 verbose logfile logs-max:10 dir:/app/.npm/_logs/2026-05-29T00_00_34_185Z-
10 verbose logfile /app/.npm/_logs/2026-05-29T00_00_34_185Z-debug-0.log
11 silly packumentCache heap:4345298944 maxSize:1086324736 maxEntrySize:543162368
12 silly logfile done cleaning log files
13 silly idealTree buildDeps
14 silly fetch manifest geist@*
15 silly packumentCache full:https://registry.npmjs.org/geist cache-miss
16 verbose shrinkwrap failed to load node_modules/.package-lock.json out of date, updated: node_modules
17 http fetch GET 200 https://registry.npmjs.org/geist 507ms (cache miss)
18 silly packumentCache full:https://registry.npmjs.org/geist set size:undefined disposed:false
19 silly fetch manifest next@16.2.6
20 silly packumentCache full:https://registry.npmjs.org/next cache-miss
21 http fetch GET 200 https://registry.npmjs.org/next 573ms (cache miss)
22 silly packumentCache full:https://registry.npmjs.org/next set size:undefined disposed:false
23 silly fetch manifest @opentelemetry/api@^1.1.0
24 silly packumentCache full:https://registry.npmjs.org/@opentelemetry%2fapi cache-miss
25 http fetch GET 200 https://registry.npmjs.org/@opentelemetry%2fapi 486ms (cache miss)
26 silly packumentCache full:https://registry.npmjs.org/@opentelemetry%2fapi set size:undefined disposed:false
27 silly fetch manifest @playwright/test@^1.51.1
28 silly packumentCache full:https://registry.npmjs.org/@playwright%2ftest cache-miss
29 http fetch GET 200 https://registry.npmjs.org/@playwright%2ftest 457ms (cache miss)
30 silly packumentCache full:https://registry.npmjs.org/@playwright%2ftest set size:undefined disposed:false
31 silly fetch manifest babel-plugin-react-compiler@*
32 silly packumentCache full:https://registry.npmjs.org/babel-plugin-react-compiler cache-miss
33 http fetch GET 200 https://registry.npmjs.org/babel-plugin-react-compiler 274ms (cache miss)
34 silly packumentCache full:https://registry.npmjs.org/babel-plugin-react-compiler set size:undefined disposed:false
35 silly fetch manifest react@19.2.4
36 silly packumentCache full:https://registry.npmjs.org/react cache-miss
37 http fetch GET 200 https://registry.npmjs.org/react 459ms (cache miss)
38 silly packumentCache full:https://registry.npmjs.org/react set size:undefined disposed:false
39 silly fetch manifest react-dom@19.2.4
40 silly packumentCache full:https://registry.npmjs.org/react-dom cache-miss
41 http fetch GET 200 https://registry.npmjs.org/react-dom 448ms (cache miss)
42 silly packumentCache full:https://registry.npmjs.org/react-dom set size:undefined disposed:false
43 silly fetch manifest sass@^1.3.0
44 silly packumentCache full:https://registry.npmjs.org/sass cache-miss
45 http fetch GET 200 https://registry.npmjs.org/sass 257ms (cache miss)
46 silly packumentCache full:https://registry.npmjs.org/sass set size:undefined disposed:false
47 silly placeDep ROOT geist@1.7.1 OK for: labz-app@0.1.0 want: *
48 silly reify moves {}
49 verbose reify failed optional dependency /app/node_modules/@tailwindcss/oxide-wasm32-wasi
50 silly reify mark deleted [ '/app/node_modules/@tailwindcss/oxide-wasm32-wasi' ]
51 silly audit bulk request {
51 silly audit   '@alloc/quick-lru': [ '5.2.0' ],
51 silly audit   '@babel/code-frame': [ '7.29.7' ],
51 silly audit   '@babel/compat-data': [ '7.29.7' ],
51 silly audit   '@babel/core': [ '7.29.7' ],
51 silly audit   '@babel/generator': [ '7.29.7' ],
51 silly audit   '@babel/helper-compilation-targets': [ '7.29.7' ],
51 silly audit   '@babel/helper-globals': [ '7.29.7' ],
51 silly audit   '@babel/helper-module-imports': [ '7.29.7' ],
51 silly audit   '@babel/helper-module-transforms': [ '7.29.7' ],
51 silly audit   '@babel/helper-string-parser': [ '7.29.7' ],
51 silly audit   '@babel/helper-validator-identifier': [ '7.29.7' ],
51 silly audit   '@babel/helper-validator-option': [ '7.29.7' ],
51 silly audit   '@babel/helpers': [ '7.29.7' ],
51 silly audit   '@babel/parser': [ '7.29.7' ],
51 silly audit   '@babel/template': [ '7.29.7' ],
51 silly audit   '@babel/traverse': [ '7.29.7' ],
51 silly audit   '@babel/types': [ '7.29.7' ],
51 silly audit   '@emnapi/core': [ '1.10.0' ],
51 silly audit   '@emnapi/runtime': [ '1.10.0' ],
51 silly audit   '@emnapi/wasi-threads': [ '1.2.1' ],
51 silly audit   '@eslint-community/eslint-utils': [ '4.9.1' ],
51 silly audit   'eslint-visitor-keys': [ '3.4.3', '5.0.1', '4.2.1' ],
51 silly audit   '@eslint-community/regexpp': [ '4.12.2' ],
51 silly audit   '@eslint/config-array': [ '0.21.2' ],
51 silly audit   '@eslint/config-helpers': [ '0.4.2' ],
51 silly audit   '@eslint/core': [ '0.17.0' ],
51 silly audit   '@eslint/eslintrc': [ '3.3.5' ],
51 silly audit   '@eslint/js': [ '9.39.4' ],
51 silly audit   '@eslint/object-schema': [ '2.1.7' ],
51 silly audit   '@eslint/plugin-kit': [ '0.4.1' ],
51 silly audit   '@humanfs/core': [ '0.19.2' ],
51 silly audit   '@humanfs/node': [ '0.16.8' ],
51 silly audit   '@humanfs/types': [ '0.15.0' ],
51 silly audit   '@humanwhocodes/module-importer': [ '1.0.1' ],
51 silly audit   '@humanwhocodes/retry': [ '0.4.3' ],
51 silly audit   '@img/colour': [ '1.1.0' ],
51 silly audit   '@img/sharp-darwin-arm64': [ '0.34.5' ],
51 silly audit   '@img/sharp-darwin-x64': [ '0.34.5' ],
51 silly audit   '@img/sharp-libvips-darwin-arm64': [ '1.2.4' ],
51 silly audit   '@img/sharp-libvips-darwin-x64': [ '1.2.4' ],
51 silly audit   '@img/sharp-libvips-linux-arm': [ '1.2.4' ],
51 silly audit   '@img/sharp-libvips-linux-arm64': [ '1.2.4' ],
51 silly audit   '@img/sharp-libvips-linux-ppc64': [ '1.2.4' ],
51 silly audit   '@img/sharp-libvips-linux-riscv64': [ '1.2.4' ],
51 silly audit   '@img/sharp-libvips-linux-s390x': [ '1.2.4' ],
51 silly audit   '@img/sharp-libvips-linux-x64': [ '1.2.4' ],
51 silly audit   '@img/sharp-libvips-linuxmusl-arm64': [ '1.2.4' ],
51 silly audit   '@img/sharp-libvips-linuxmusl-x64': [ '1.2.4' ],
51 silly audit   '@img/sharp-linux-arm': [ '0.34.5' ],
51 silly audit   '@img/sharp-linux-arm64': [ '0.34.5' ],
51 silly audit   '@img/sharp-linux-ppc64': [ '0.34.5' ],
51 silly audit   '@img/sharp-linux-riscv64': [ '0.34.5' ],
51 silly audit   '@img/sharp-linux-s390x': [ '0.34.5' ],
51 silly audit   '@img/sharp-linux-x64': [ '0.34.5' ],
51 silly audit   '@img/sharp-linuxmusl-arm64': [ '0.34.5' ],
51 silly audit   '@img/sharp-linuxmusl-x64': [ '0.34.5' ],
51 silly audit   '@img/sharp-wasm32': [ '0.34.5' ],
51 silly audit   '@img/sharp-win32-arm64': [ '0.34.5' ],
51 silly audit   '@img/sharp-win32-ia32': [ '0.34.5' ],
51 silly audit   '@img/sharp-win32-x64': [ '0.34.5' ],
51 silly audit   '@jridgewell/gen-mapping': [ '0.3.13' ],
51 silly audit   '@jridgewell/remapping': [ '2.3.5' ],
51 silly audit   '@jridgewell/resolve-uri': [ '3.1.2' ],
51 silly audit   '@jridgewell/sourcemap-codec': [ '1.5.5' ],
51 silly audit   '@jridgewell/trace-mapping': [ '0.3.31' ],
51 silly audit   '@napi-rs/wasm-runtime': [ '1.1.4' ],
51 silly audit   '@next/env': [ '16.2.6' ],
51 silly audit   '@next/eslint-plugin-next': [ '16.2.6' ],
51 silly audit   '@next/swc-darwin-arm64': [ '16.2.6' ],
51 silly audit   '@next/swc-darwin-x64': [ '16.2.6' ],
51 silly audit   '@next/swc-linux-arm64-gnu': [ '16.2.6' ],
51 silly audit   '@next/swc-linux-arm64-musl': [ '16.2.6' ],
51 silly audit   '@next/swc-linux-x64-gnu': [ '16.2.6' ],
51 silly audit   '@next/swc-linux-x64-musl': [ '16.2.6' ],
51 silly audit   '@next/swc-win32-arm64-msvc': [ '16.2.6' ],
51 silly audit   '@next/swc-win32-x64-msvc': [ '16.2.6' ],
51 silly audit   '@nodelib/fs.scandir': [ '2.1.5' ],
51 silly audit   '@nodelib/fs.stat': [ '2.0.5' ],
51 silly audit   '@nodelib/fs.walk': [ '1.2.8' ],
51 silly audit   '@nolyfill/is-core-module': [ '1.0.39' ],
51 silly audit   '@rtsao/scc': [ '1.1.0' ],
51 silly audit   '@swc/helpers': [ '0.5.15' ],
51 silly audit   '@tailwindcss/node': [ '4.3.0' ],
51 silly audit   '@tailwindcss/oxide': [ '4.3.0' ],
51 silly audit   '@tailwindcss/oxide-android-arm64': [ '4.3.0' ],
51 silly audit   '@tailwindcss/oxide-darwin-arm64': [ '4.3.0' ],
51 silly audit   '@tailwindcss/oxide-darwin-x64': [ '4.3.0' ],
51 silly audit   '@tailwindcss/oxide-freebsd-x64': [ '4.3.0' ],
51 silly audit   '@tailwindcss/oxide-linux-arm-gnueabihf': [ '4.3.0' ],
51 silly audit   '@tailwindcss/oxide-linux-arm64-gnu': [ '4.3.0' ],
51 silly audit   '@tailwindcss/oxide-linux-arm64-musl': [ '4.3.0' ],
51 silly audit   '@tailwindcss/oxide-linux-x64-gnu': [ '4.3.0' ],
51 silly audit   '@tailwindcss/oxide-linux-x64-musl': [ '4.3.0' ],
51 silly audit   '@tailwindcss/oxide-win32-arm64-msvc': [ '4.3.0' ],
51 silly audit   '@tailwindcss/oxide-win32-x64-msvc': [ '4.3.0' ],
51 silly audit   '@tailwindcss/postcss': [ '4.3.0' ],
51 silly audit   '@tybys/wasm-util': [ '0.10.2' ],
51 silly audit   '@types/estree': [ '1.0.9' ],
51 silly audit   '@types/json-schema': [ '7.0.15' ],
51 silly audit   '@types/json5': [ '0.0.29' ],
51 silly audit   '@types/node': [ '20.19.41' ],
51 silly audit   '@types/react': [ '19.2.15' ],
51 silly audit   '@types/react-dom': [ '19.2.3' ],
51 silly audit   '@typescript-eslint/eslint-plugin': [ '8.60.0' ],
51 silly audit   ignore: [ '7.0.5', '5.3.2' ],
51 silly audit   '@typescript-eslint/parser': [ '8.60.0' ],
51 silly audit   '@typescript-eslint/project-service': [ '8.60.0' ],
51 silly audit   '@typescript-eslint/scope-manager': [ '8.60.0' ],
51 silly audit   '@typescript-eslint/tsconfig-utils': [ '8.60.0' ],
51 silly audit   '@typescript-eslint/type-utils': [ '8.60.0' ],
51 silly audit   '@typescript-eslint/types': [ '8.60.0' ],
51 silly audit   '@typescript-eslint/typescript-estree': [ '8.60.0' ],
51 silly audit   'balanced-match': [ '4.0.4', '1.0.2' ],
51 silly audit   'brace-expansion': [ '5.0.6', '1.1.15' ],
51 silly audit   minimatch: [ '10.2.5', '3.1.5' ],
51 silly audit   semver: [ '7.8.1', '6.3.1' ],
51 silly audit   '@typescript-eslint/utils': [ '8.60.0' ],
51 silly audit   '@typescript-eslint/visitor-keys': [ '8.60.0' ],
51 silly audit   '@unrs/resolver-binding-android-arm-eabi': [ '1.12.2' ],
51 silly audit   '@unrs/resolver-binding-android-arm64': [ '1.12.2' ],
51 silly audit   '@unrs/resolver-binding-darwin-arm64': [ '1.12.2' ],
51 silly audit   '@unrs/resolver-binding-darwin-x64': [ '1.12.2' ],
51 silly audit   '@unrs/resolver-binding-freebsd-x64': [ '1.12.2' ],
51 silly audit   '@unrs/resolver-binding-linux-arm-gnueabihf': [ '1.12.2' ],
51 silly audit   '@unrs/resolver-binding-linux-arm-musleabihf': [ '1.12.2' ],
51 silly audit   '@unrs/resolver-binding-linux-arm64-gnu': [ '1.12.2' ],
51 silly audit   '@unrs/resolver-binding-linux-arm64-musl': [ '1.12.2' ],
51 silly audit   '@unrs/resolver-binding-linux-loong64-gnu': [ '1.12.2' ],
51 silly audit   '@unrs/resolver-binding-linux-loong64-musl': [ '1.12.2' ],
51 silly audit   '@unrs/resolver-binding-linux-ppc64-gnu': [ '1.12.2' ],
51 silly audit   '@unrs/resolver-binding-linux-riscv64-gnu': [ '1.12.2' ],
51 silly audit   '@unrs/resolver-binding-linux-riscv64-musl': [ '1.12.2' ],
51 silly audit   '@unrs/resolver-binding-linux-s390x-gnu': [ '1.12.2' ],
51 silly audit   '@unrs/resolver-binding-linux-x64-gnu': [ '1.12.2' ],
51 silly audit   '@unrs/resolver-binding-linux-x64-musl': [ '1.12.2' ],
51 silly audit   '@unrs/resolver-binding-openharmony-arm64': [ '1.12.2' ],
51 silly audit   '@unrs/resolver-binding-wasm32-wasi': [ '1.12.2' ],
51 silly audit   '@unrs/resolver-binding-win32-arm64-msvc': [ '1.12.2' ],
51 silly audit   '@unrs/resolver-binding-win32-ia32-msvc': [ '1.12.2' ],
51 silly audit   '@unrs/resolver-binding-win32-x64-msvc': [ '1.12.2' ],
51 silly audit   acorn: [ '8.16.0' ],
51 silly audit   'acorn-jsx': [ '5.3.2' ],
51 silly audit   ajv: [ '6.15.0' ],
51 silly audit   'ansi-styles': [ '4.3.0' ],
51 silly audit   argparse: [ '2.0.1' ],
51 silly audit   'aria-query': [ '5.3.2' ],
51 silly audit   'array-buffer-byte-length': [ '1.0.2' ],
51 silly audit   'array-includes': [ '3.1.9' ],
51 silly audit   'array.prototype.findlast': [ '1.2.5' ],
51 silly audit   'array.prototype.findlastindex': [ '1.2.6' ],
51 silly audit   'array.prototype.flat': [ '1.3.3' ],
51 silly audit   'array.prototype.flatmap': [ '1.3.3' ],
51 silly audit   'array.prototype.tosorted': [ '1.1.4' ],
51 silly audit   'arraybuffer.prototype.slice': [ '1.0.4' ],
51 silly audit   'ast-types-flow': [ '0.0.8' ],
51 silly audit   'async-function': [ '1.0.0' ],
51 silly audit   'available-typed-arrays': [ '1.0.7' ],
51 silly audit   'axe-core': [ '4.11.4' ],
51 silly audit   'axobject-query': [ '4.1.0' ],
51 silly audit   'baseline-browser-mapping': [ '2.10.32' ],
51 silly audit   braces: [ '3.0.3' ],
51 silly audit   browserslist: [ '4.28.2' ],
51 silly audit   'call-bind': [ '1.0.9' ],
51 silly audit   'call-bind-apply-helpers': [ '1.0.2' ],
51 silly audit   'call-bound': [ '1.0.4' ],
51 silly audit   callsites: [ '3.1.0' ],
51 silly audit   'caniuse-lite': [ '1.0.30001793' ],
51 silly audit   chalk: [ '4.1.2' ],
51 silly audit   'client-only': [ '0.0.1' ],
51 silly audit   'color-convert': [ '2.0.1' ],
51 silly audit   'color-name': [ '1.1.4' ],
51 silly audit   'concat-map': [ '0.0.1' ],
51 silly audit   'convert-source-map': [ '2.0.0' ],
51 silly audit   'cross-spawn': [ '7.0.6' ],
51 silly audit   csstype: [ '3.2.3' ],
51 silly audit   'damerau-levenshtein': [ '1.0.8' ],
51 silly audit   'data-view-buffer': [ '1.0.2' ],
51 silly audit   'data-view-byte-length': [ '1.0.2' ],
51 silly audit   'data-view-byte-offset': [ '1.0.1' ],
51 silly audit   debug: [ '4.4.3', '3.2.7' ],
51 silly audit   'deep-is': [ '0.1.4' ],
51 silly audit   'define-data-property': [ '1.1.4' ],
51 silly audit   'define-properties': [ '1.2.1' ],
51 silly audit   'detect-libc': [ '2.1.2' ],
51 silly audit   doctrine: [ '2.1.0' ],
51 silly audit   'dunder-proto': [ '1.0.1' ],
51 silly audit   'electron-to-chromium': [ '1.5.363' ],
51 silly audit   'emoji-regex': [ '9.2.2' ],
51 silly audit   'enhanced-resolve': [ '5.22.1' ],
51 silly audit   'es-abstract': [ '1.24.2' ],
51 silly audit   'es-define-property': [ '1.0.1' ],
51 silly audit   'es-errors': [ '1.3.0' ],
51 silly audit   'es-iterator-helpers': [ '1.3.2' ],
51 silly audit   'es-object-atoms': [ '1.1.2' ],
51 silly audit   'es-set-tostringtag': [ '2.1.0' ],
51 silly audit   'es-shim-unscopables': [ '1.1.0' ],
51 silly audit   'es-to-primitive': [ '1.3.0' ],
51 silly audit   escalade: [ '3.2.0' ],
51 silly audit   'escape-string-regexp': [ '4.0.0' ],
51 silly audit   eslint: [ '9.39.4' ],
51 silly audit   'eslint-config-next': [ '16.2.6' ],
51 silly audit   globals: [ '16.4.0', '14.0.0' ],
51 silly audit   'eslint-import-resolver-node': [ '0.3.10' ],
51 silly audit   'eslint-import-resolver-typescript': [ '3.10.1' ],
51 silly audit   'eslint-module-utils': [ '2.13.0' ],
51 silly audit   'eslint-plugin-import': [ '2.32.0' ],
51 silly audit   'eslint-plugin-jsx-a11y': [ '6.10.2' ],
51 silly audit   'eslint-plugin-react': [ '7.37.5' ],
51 silly audit   'eslint-plugin-react-hooks': [ '7.1.1' ],
51 silly audit   'eslint-scope': [ '8.4.0' ],
51 silly audit   espree: [ '10.4.0' ],
51 silly audit   esquery: [ '1.7.0' ],
51 silly audit   esrecurse: [ '4.3.0' ],
51 silly audit   estraverse: [ '5.3.0' ],
51 silly audit   esutils: [ '2.0.3' ],
51 silly audit   'fast-deep-equal': [ '3.1.3' ],
51 silly audit   'fast-glob': [ '3.3.1' ],
51 silly audit   'glob-parent': [ '5.1.2', '6.0.2' ],
51 silly audit   'fast-json-stable-stringify': [ '2.1.0' ],
51 silly audit   'fast-levenshtein': [ '2.0.6' ],
51 silly audit   fastq: [ '1.20.1' ],
51 silly audit   'file-entry-cache': [ '8.0.0' ],
51 silly audit   'fill-range': [ '7.1.1' ],
51 silly audit   'find-up': [ '5.0.0' ],
51 silly audit   'flat-cache': [ '4.0.1' ],
51 silly audit   flatted: [ '3.4.2' ],
51 silly audit   'for-each': [ '0.3.5' ],
51 silly audit   'function-bind': [ '1.1.2' ],
51 silly audit   'function.prototype.name': [ '1.1.8' ],
51 silly audit   'functions-have-names': [ '1.2.3' ],
51 silly audit   'generator-function': [ '2.0.1' ],
51 silly audit   gensync: [ '1.0.0-beta.2' ],
51 silly audit   'get-intrinsic': [ '1.3.0' ],
51 silly audit   'get-proto': [ '1.0.1' ],
51 silly audit   'get-symbol-description': [ '1.1.0' ],
51 silly audit   'get-tsconfig': [ '4.14.0' ],
51 silly audit   globalthis: [ '1.0.4' ],
51 silly audit   gopd: [ '1.2.0' ],
51 silly audit   'graceful-fs': [ '4.2.11' ],
51 silly audit   'has-bigints': [ '1.1.0' ],
51 silly audit   'has-flag': [ '4.0.0' ],
51 silly audit   'has-property-descriptors': [ '1.0.2' ],
51 silly audit   'has-proto': [ '1.2.0' ],
51 silly audit   'has-symbols': [ '1.1.0' ],
51 silly audit   'has-tostringtag': [ '1.0.2' ],
51 silly audit   hasown: [ '2.0.4' ],
51 silly audit   'hermes-estree': [ '0.25.1' ],
51 silly audit   'hermes-parser': [ '0.25.1' ],
51 silly audit   'import-fresh': [ '3.3.1' ],
51 silly audit   imurmurhash: [ '0.1.4' ],
51 silly audit   'internal-slot': [ '1.1.0' ],
51 silly audit   'is-array-buffer': [ '3.0.5' ],
51 silly audit   'is-async-function': [ '2.1.1' ],
51 silly audit   'is-bigint': [ '1.1.0' ],
51 silly audit   'is-boolean-object': [ '1.2.2' ],
51 silly audit   'is-bun-module': [ '2.0.0' ],
51 silly audit   'is-callable': [ '1.2.7' ],
51 silly audit   'is-core-module': [ '2.16.2' ],
51 silly audit   'is-data-view': [ '1.0.2' ],
51 silly audit   'is-date-object': [ '1.1.0' ],
51 silly audit   'is-extglob': [ '2.1.1' ],
51 silly audit   'is-finalizationregistry': [ '1.1.1' ],
51 silly audit   'is-generator-function': [ '1.1.2' ],
51 silly audit   'is-glob': [ '4.0.3' ],
51 silly audit   'is-map': [ '2.0.3' ],
51 silly audit   'is-negative-zero': [ '2.0.3' ],
51 silly audit   'is-number': [ '7.0.0' ],
51 silly audit   'is-number-object': [ '1.1.1' ],
51 silly audit   'is-regex': [ '1.2.1' ],
51 silly audit   'is-set': [ '2.0.3' ],
51 silly audit   'is-shared-array-buffer': [ '1.0.4' ],
51 silly audit   'is-string': [ '1.1.1' ],
51 silly audit   'is-symbol': [ '1.1.1' ],
51 silly audit   'is-typed-array': [ '1.1.15' ],
51 silly audit   'is-weakmap': [ '2.0.2' ],
51 silly audit   'is-weakref': [ '1.1.1' ],
51 silly audit   'is-weakset': [ '2.0.4' ],
51 silly audit   isarray: [ '2.0.5' ],
51 silly audit   isexe: [ '2.0.0' ],
51 silly audit   'iterator.prototype': [ '1.1.5' ],
51 silly audit   jiti: [ '2.7.0' ],
51 silly audit   'js-tokens': [ '4.0.0' ],
51 silly audit   'js-yaml': [ '4.1.1' ],
51 silly audit   jsesc: [ '3.1.0' ],
51 silly audit   'json-buffer': [ '3.0.1' ],
51 silly audit   'json-schema-traverse': [ '0.4.1' ],
51 silly audit   'json-stable-stringify-without-jsonify': [ '1.0.1' ],
51 silly audit   json5: [ '2.2.3', '1.0.2' ],
51 silly audit   'jsx-ast-utils': [ '3.3.5' ],
51 silly audit   keyv: [ '4.5.4' ],
51 silly audit   'language-subtag-registry': [ '0.3.23' ],
51 silly audit   'language-tags': [ '1.0.9' ],
51 silly audit   levn: [ '0.4.1' ],
51 silly audit   lightningcss: [ '1.32.0' ],
51 silly audit   'lightningcss-android-arm64': [ '1.32.0' ],
51 silly audit   'lightningcss-darwin-arm64': [ '1.32.0' ],
51 silly audit   'lightningcss-darwin-x64': [ '1.32.0' ],
51 silly audit   'lightningcss-freebsd-x64': [ '1.32.0' ],
51 silly audit   'lightningcss-linux-arm-gnueabihf': [ '1.32.0' ],
51 silly audit   'lightningcss-linux-arm64-gnu': [ '1.32.0' ],
51 silly audit   'lightningcss-linux-arm64-musl': [ '1.32.0' ],
51 silly audit   'lightningcss-linux-x64-gnu': [ '1.32.0' ],
51 silly audit   'lightningcss-linux-x64-musl': [ '1.32.0' ],
51 silly audit   'lightningcss-win32-arm64-msvc': [ '1.32.0' ],
51 silly audit   'lightningcss-win32-x64-msvc': [ '1.32.0' ],
51 silly audit   'locate-path': [ '6.0.0' ],
51 silly audit   'lodash.merge': [ '4.6.2' ],
51 silly audit   'loose-envify': [ '1.4.0' ],
51 silly audit   'lru-cache': [ '5.1.1' ],
51 silly audit   'magic-string': [ '0.30.21' ],
51 silly audit   'math-intrinsics': [ '1.1.0' ],
51 silly audit   merge2: [ '1.4.1' ],
51 silly audit   micromatch: [ '4.0.8' ],
51 silly audit   minimist: [ '1.2.8' ],
51 silly audit   ms: [ '2.1.3' ],
51 silly audit   nanoid: [ '3.3.12' ],
51 silly audit   'napi-postinstall': [ '0.3.4' ],
51 silly audit   'natural-compare': [ '1.4.0' ],
51 silly audit   next: [ '16.2.6' ],
51 silly audit   postcss: [ '8.4.31', '8.5.15' ],
51 silly audit   'node-exports-info': [ '1.6.0' ],
51 silly audit   'node-releases': [ '2.0.46' ],
51 silly audit   'object-assign': [ '4.1.1' ],
51 silly audit   'object-inspect': [ '1.13.4' ],
51 silly audit   'object-keys': [ '1.1.1' ],
51 silly audit   'object.assign': [ '4.1.7' ],
51 silly audit   'object.entries': [ '1.1.9' ],
51 silly audit   'object.fromentries': [ '2.0.8' ],
51 silly audit   'object.groupby': [ '1.0.3' ],
51 silly audit   'object.values': [ '1.2.1' ],
51 silly audit   optionator: [ '0.9.4' ],
51 silly audit   'own-keys': [ '1.0.1' ],
51 silly audit   'p-limit': [ '3.1.0' ],
51 silly audit   'p-locate': [ '5.0.0' ],
51 silly audit   'parent-module': [ '1.0.1' ],
51 silly audit   'path-exists': [ '4.0.0' ],
51 silly audit   'path-key': [ '3.1.1' ],
51 silly audit   'path-parse': [ '1.0.7' ],
51 silly audit   picocolors: [ '1.1.1' ],
51 silly audit   picomatch: [ '2.3.2', '4.0.4' ],
51 silly audit   'possible-typed-array-names': [ '1.1.0' ],
51 silly audit   'prelude-ls': [ '1.2.1' ],
51 silly audit   'prop-types': [ '15.8.1' ],
51 silly audit   punycode: [ '2.3.1' ],
51 silly audit   'queue-microtask': [ '1.2.3' ],
51 silly audit   react: [ '19.2.4' ],
51 silly audit   'react-dom': [ '19.2.4' ],
51 silly audit   'react-is': [ '16.13.1' ],
51 silly audit   'reflect.getprototypeof': [ '1.0.10' ],
51 silly audit   'regexp.prototype.flags': [ '1.5.4' ],
51 silly audit   resolve: [ '2.0.0-next.7' ],
51 silly audit   'resolve-from': [ '4.0.0' ],
51 silly audit   'resolve-pkg-maps': [ '1.0.0' ],
51 silly audit   reusify: [ '1.1.0' ],
51 silly audit   'run-parallel': [ '1.2.0' ],
51 silly audit   'safe-array-concat': [ '1.1.4' ],
51 silly audit   'safe-push-apply': [ '1.0.0' ],
51 silly audit   'safe-regex-test': [ '1.1.0' ],
51 silly audit   scheduler: [ '0.27.0' ],
51 silly audit   'set-function-length': [ '1.2.2' ],
51 silly audit   'set-function-name': [ '2.0.2' ],
51 silly audit   'set-proto': [ '1.0.0' ],
51 silly audit   sharp: [ '0.34.5' ],
51 silly audit   'shebang-command': [ '2.0.0' ],
51 silly audit   'shebang-regex': [ '3.0.0' ],
51 silly audit   'side-channel': [ '1.1.0' ],
51 silly audit   'side-channel-list': [ '1.0.1' ],
51 silly audit   'side-channel-map': [ '1.0.1' ],
51 silly audit   'side-channel-weakmap': [ '1.0.2' ],
51 silly audit   'source-map-js': [ '1.2.1' ],
51 silly audit   'stable-hash': [ '0.0.5' ],
51 silly audit   'stop-iteration-iterator': [ '1.1.0' ],
51 silly audit   'string.prototype.includes': [ '2.0.1' ],
51 silly audit   'string.prototype.matchall': [ '4.0.12' ],
51 silly audit   'string.prototype.repeat': [ '1.0.0' ],
51 silly audit   'string.prototype.trim': [ '1.2.10' ],
51 silly audit   'string.prototype.trimend': [ '1.0.9' ],
51 silly audit   'string.prototype.trimstart': [ '1.0.8' ],
51 silly audit   'strip-bom': [ '3.0.0' ],
51 silly audit   'strip-json-comments': [ '3.1.1' ],
51 silly audit   'styled-jsx': [ '5.1.6' ],
51 silly audit   'supports-color': [ '7.2.0' ],
51 silly audit   'supports-preserve-symlinks-flag': [ '1.0.0' ],
51 silly audit   tailwindcss: [ '4.3.0' ],
51 silly audit   tapable: [ '2.3.3' ],
51 silly audit   tinyglobby: [ '0.2.16' ],
51 silly audit   fdir: [ '6.5.0' ],
51 silly audit   'to-regex-range': [ '5.0.1' ],
51 silly audit   'ts-api-utils': [ '2.5.0' ],
51 silly audit   'tsconfig-paths': [ '3.15.0' ],
51 silly audit   tslib: [ '2.8.1' ],
51 silly audit   'type-check': [ '0.4.0' ],
51 silly audit   'typed-array-buffer': [ '1.0.3' ],
51 silly audit   'typed-array-byte-length': [ '1.0.3' ],
51 silly audit   'typed-array-byte-offset': [ '1.0.4' ],
51 silly audit   'typed-array-length': [ '1.0.8' ],
51 silly audit   typescript: [ '5.9.3' ],
51 silly audit   'typescript-eslint': [ '8.60.0' ],
51 silly audit   'unbox-primitive': [ '1.1.0' ],
51 silly audit   'undici-types': [ '6.21.0' ],
51 silly audit   'unrs-resolver': [ '1.12.2' ],
51 silly audit   'update-browserslist-db': [ '1.2.3' ],
51 silly audit   'uri-js': [ '4.4.1' ],
51 silly audit   which: [ '2.0.2' ],
51 silly audit   'which-boxed-primitive': [ '1.1.1' ],
51 silly audit   'which-builtin-type': [ '1.2.1' ],
51 silly audit   'which-collection': [ '1.0.2' ],
51 silly audit   'which-typed-array': [ '1.1.21' ],
51 silly audit   'word-wrap': [ '1.2.5' ],
51 silly audit   yallist: [ '3.1.1' ],
51 silly audit   'yocto-queue': [ '0.1.0' ],
51 silly audit   zod: [ '4.4.3' ],
51 silly audit   'zod-validation-error': [ '4.0.2' ],
51 silly audit   geist: [ '1.7.1' ],
51 silly audit   '@tailwindcss/oxide-wasm32-wasi': [ '4.3.0' ]
51 silly audit }
52 verbose reify failed optional dependency /app/node_modules/lightningcss-win32-x64-msvc
53 silly reify mark deleted [ '/app/node_modules/lightningcss-win32-x64-msvc' ]
54 verbose reify failed optional dependency /app/node_modules/lightningcss-win32-arm64-msvc
55 silly reify mark deleted [ '/app/node_modules/lightningcss-win32-arm64-msvc' ]
56 verbose reify failed optional dependency /app/node_modules/lightningcss-linux-arm64-musl
57 silly reify mark deleted [ '/app/node_modules/lightningcss-linux-arm64-musl' ]
58 verbose reify failed optional dependency /app/node_modules/lightningcss-linux-arm64-gnu
59 silly reify mark deleted [ '/app/node_modules/lightningcss-linux-arm64-gnu' ]
60 verbose reify failed optional dependency /app/node_modules/lightningcss-linux-arm-gnueabihf
61 silly reify mark deleted [ '/app/node_modules/lightningcss-linux-arm-gnueabihf' ]
62 verbose reify failed optional dependency /app/node_modules/lightningcss-freebsd-x64
63 silly reify mark deleted [ '/app/node_modules/lightningcss-freebsd-x64' ]
64 verbose reify failed optional dependency /app/node_modules/lightningcss-darwin-x64
65 silly reify mark deleted [ '/app/node_modules/lightningcss-darwin-x64' ]
66 verbose reify failed optional dependency /app/node_modules/lightningcss-darwin-arm64
67 silly reify mark deleted [ '/app/node_modules/lightningcss-darwin-arm64' ]
68 verbose reify failed optional dependency /app/node_modules/lightningcss-android-arm64
69 silly reify mark deleted [ '/app/node_modules/lightningcss-android-arm64' ]
70 verbose reify failed optional dependency /app/node_modules/@unrs/resolver-binding-win32-x64-msvc
71 silly reify mark deleted [ '/app/node_modules/@unrs/resolver-binding-win32-x64-msvc' ]
72 verbose reify failed optional dependency /app/node_modules/@unrs/resolver-binding-win32-ia32-msvc
73 silly reify mark deleted [ '/app/node_modules/@unrs/resolver-binding-win32-ia32-msvc' ]
74 verbose reify failed optional dependency /app/node_modules/@unrs/resolver-binding-win32-arm64-msvc
75 silly reify mark deleted [ '/app/node_modules/@unrs/resolver-binding-win32-arm64-msvc' ]
76 verbose reify failed optional dependency /app/node_modules/@unrs/resolver-binding-wasm32-wasi
77 silly reify mark deleted [ '/app/node_modules/@unrs/resolver-binding-wasm32-wasi' ]
78 verbose reify failed optional dependency /app/node_modules/@unrs/resolver-binding-openharmony-arm64
79 silly reify mark deleted [ '/app/node_modules/@unrs/resolver-binding-openharmony-arm64' ]
80 verbose reify failed optional dependency /app/node_modules/@unrs/resolver-binding-linux-s390x-gnu
81 silly reify mark deleted [ '/app/node_modules/@unrs/resolver-binding-linux-s390x-gnu' ]
82 verbose reify failed optional dependency /app/node_modules/@unrs/resolver-binding-linux-riscv64-musl
83 silly reify mark deleted [ '/app/node_modules/@unrs/resolver-binding-linux-riscv64-musl' ]
84 verbose reify failed optional dependency /app/node_modules/@unrs/resolver-binding-linux-riscv64-gnu
85 silly reify mark deleted [ '/app/node_modules/@unrs/resolver-binding-linux-riscv64-gnu' ]
86 verbose reify failed optional dependency /app/node_modules/@unrs/resolver-binding-linux-ppc64-gnu
87 silly reify mark deleted [ '/app/node_modules/@unrs/resolver-binding-linux-ppc64-gnu' ]
88 verbose reify failed optional dependency /app/node_modules/@unrs/resolver-binding-linux-loong64-musl
89 silly reify mark deleted [ '/app/node_modules/@unrs/resolver-binding-linux-loong64-musl' ]
90 verbose reify failed optional dependency /app/node_modules/@unrs/resolver-binding-linux-loong64-gnu
91 silly reify mark deleted [ '/app/node_modules/@unrs/resolver-binding-linux-loong64-gnu' ]
92 verbose reify failed optional dependency /app/node_modules/@unrs/resolver-binding-linux-arm64-musl
93 silly reify mark deleted [ '/app/node_modules/@unrs/resolver-binding-linux-arm64-musl' ]
94 verbose reify failed optional dependency /app/node_modules/@unrs/resolver-binding-linux-arm64-gnu
95 silly reify mark deleted [ '/app/node_modules/@unrs/resolver-binding-linux-arm64-gnu' ]
96 verbose reify failed optional dependency /app/node_modules/@unrs/resolver-binding-linux-arm-musleabihf
97 silly reify mark deleted [ '/app/node_modules/@unrs/resolver-binding-linux-arm-musleabihf' ]
98 verbose reify failed optional dependency /app/node_modules/@unrs/resolver-binding-linux-arm-gnueabihf
99 silly reify mark deleted [ '/app/node_modules/@unrs/resolver-binding-linux-arm-gnueabihf' ]
100 verbose reify failed optional dependency /app/node_modules/@unrs/resolver-binding-freebsd-x64
101 silly reify mark deleted [ '/app/node_modules/@unrs/resolver-binding-freebsd-x64' ]
102 verbose reify failed optional dependency /app/node_modules/@unrs/resolver-binding-darwin-x64
103 silly reify mark deleted [ '/app/node_modules/@unrs/resolver-binding-darwin-x64' ]
104 verbose reify failed optional dependency /app/node_modules/@unrs/resolver-binding-darwin-arm64
105 silly reify mark deleted [ '/app/node_modules/@unrs/resolver-binding-darwin-arm64' ]
106 verbose reify failed optional dependency /app/node_modules/@unrs/resolver-binding-android-arm64
107 silly reify mark deleted [ '/app/node_modules/@unrs/resolver-binding-android-arm64' ]
108 verbose reify failed optional dependency /app/node_modules/@unrs/resolver-binding-android-arm-eabi
109 silly reify mark deleted [ '/app/node_modules/@unrs/resolver-binding-android-arm-eabi' ]
110 verbose reify failed optional dependency /app/node_modules/@tailwindcss/oxide-win32-x64-msvc
111 silly reify mark deleted [ '/app/node_modules/@tailwindcss/oxide-win32-x64-msvc' ]
112 verbose reify failed optional dependency /app/node_modules/@tailwindcss/oxide-win32-arm64-msvc
113 silly reify mark deleted [ '/app/node_modules/@tailwindcss/oxide-win32-arm64-msvc' ]
114 verbose reify failed optional dependency /app/node_modules/@tailwindcss/oxide-linux-arm64-musl
115 silly reify mark deleted [ '/app/node_modules/@tailwindcss/oxide-linux-arm64-musl' ]
116 verbose reify failed optional dependency /app/node_modules/@tailwindcss/oxide-linux-arm64-gnu
117 silly reify mark deleted [ '/app/node_modules/@tailwindcss/oxide-linux-arm64-gnu' ]
118 verbose reify failed optional dependency /app/node_modules/@tailwindcss/oxide-linux-arm-gnueabihf
119 silly reify mark deleted [ '/app/node_modules/@tailwindcss/oxide-linux-arm-gnueabihf' ]
120 verbose reify failed optional dependency /app/node_modules/@tailwindcss/oxide-freebsd-x64
121 silly reify mark deleted [ '/app/node_modules/@tailwindcss/oxide-freebsd-x64' ]
122 verbose reify failed optional dependency /app/node_modules/@tailwindcss/oxide-darwin-x64
123 silly reify mark deleted [ '/app/node_modules/@tailwindcss/oxide-darwin-x64' ]
124 verbose reify failed optional dependency /app/node_modules/@tailwindcss/oxide-darwin-arm64
125 silly reify mark deleted [ '/app/node_modules/@tailwindcss/oxide-darwin-arm64' ]
126 verbose reify failed optional dependency /app/node_modules/@tailwindcss/oxide-android-arm64
127 silly reify mark deleted [ '/app/node_modules/@tailwindcss/oxide-android-arm64' ]
128 verbose reify failed optional dependency /app/node_modules/@next/swc-win32-x64-msvc
129 silly reify mark deleted [ '/app/node_modules/@next/swc-win32-x64-msvc' ]
130 verbose reify failed optional dependency /app/node_modules/@next/swc-win32-arm64-msvc
131 silly reify mark deleted [ '/app/node_modules/@next/swc-win32-arm64-msvc' ]
132 verbose reify failed optional dependency /app/node_modules/@next/swc-linux-arm64-musl
133 silly reify mark deleted [ '/app/node_modules/@next/swc-linux-arm64-musl' ]
134 verbose reify failed optional dependency /app/node_modules/@next/swc-linux-arm64-gnu
135 silly reify mark deleted [ '/app/node_modules/@next/swc-linux-arm64-gnu' ]
136 verbose reify failed optional dependency /app/node_modules/@next/swc-darwin-x64
137 silly reify mark deleted [ '/app/node_modules/@next/swc-darwin-x64' ]
138 verbose reify failed optional dependency /app/node_modules/@next/swc-darwin-arm64
139 silly reify mark deleted [ '/app/node_modules/@next/swc-darwin-arm64' ]
140 verbose reify failed optional dependency /app/node_modules/@img/sharp-win32-x64
141 silly reify mark deleted [ '/app/node_modules/@img/sharp-win32-x64' ]
142 verbose reify failed optional dependency /app/node_modules/@img/sharp-win32-ia32
143 silly reify mark deleted [ '/app/node_modules/@img/sharp-win32-ia32' ]
144 verbose reify failed optional dependency /app/node_modules/@img/sharp-win32-arm64
145 silly reify mark deleted [ '/app/node_modules/@img/sharp-win32-arm64' ]
146 verbose reify failed optional dependency /app/node_modules/@img/sharp-wasm32
147 silly reify mark deleted [ '/app/node_modules/@img/sharp-wasm32' ]
148 verbose reify failed optional dependency /app/node_modules/@img/sharp-linuxmusl-arm64
149 silly reify mark deleted [ '/app/node_modules/@img/sharp-linuxmusl-arm64' ]
150 verbose reify failed optional dependency /app/node_modules/@img/sharp-linux-s390x
151 silly reify mark deleted [ '/app/node_modules/@img/sharp-linux-s390x' ]
152 verbose reify failed optional dependency /app/node_modules/@img/sharp-linux-riscv64
153 silly reify mark deleted [ '/app/node_modules/@img/sharp-linux-riscv64' ]
154 verbose reify failed optional dependency /app/node_modules/@img/sharp-linux-ppc64
155 silly reify mark deleted [ '/app/node_modules/@img/sharp-linux-ppc64' ]
156 verbose reify failed optional dependency /app/node_modules/@img/sharp-linux-arm64
157 silly reify mark deleted [ '/app/node_modules/@img/sharp-linux-arm64' ]
158 verbose reify failed optional dependency /app/node_modules/@img/sharp-linux-arm
159 silly reify mark deleted [ '/app/node_modules/@img/sharp-linux-arm' ]
160 verbose reify failed optional dependency /app/node_modules/@img/sharp-libvips-linuxmusl-arm64
161 silly reify mark deleted [ '/app/node_modules/@img/sharp-libvips-linuxmusl-arm64' ]
162 verbose reify failed optional dependency /app/node_modules/@img/sharp-libvips-linux-s390x
163 silly reify mark deleted [ '/app/node_modules/@img/sharp-libvips-linux-s390x' ]
164 verbose reify failed optional dependency /app/node_modules/@img/sharp-libvips-linux-riscv64
165 silly reify mark deleted [ '/app/node_modules/@img/sharp-libvips-linux-riscv64' ]
166 verbose reify failed optional dependency /app/node_modules/@img/sharp-libvips-linux-ppc64
167 silly reify mark deleted [ '/app/node_modules/@img/sharp-libvips-linux-ppc64' ]
168 verbose reify failed optional dependency /app/node_modules/@img/sharp-libvips-linux-arm64
169 silly reify mark deleted [ '/app/node_modules/@img/sharp-libvips-linux-arm64' ]
170 verbose reify failed optional dependency /app/node_modules/@img/sharp-libvips-linux-arm
171 silly reify mark deleted [ '/app/node_modules/@img/sharp-libvips-linux-arm' ]
172 verbose reify failed optional dependency /app/node_modules/@img/sharp-libvips-darwin-x64
173 silly reify mark deleted [ '/app/node_modules/@img/sharp-libvips-darwin-x64' ]
174 verbose reify failed optional dependency /app/node_modules/@img/sharp-libvips-darwin-arm64
175 silly reify mark deleted [ '/app/node_modules/@img/sharp-libvips-darwin-arm64' ]
176 verbose reify failed optional dependency /app/node_modules/@img/sharp-darwin-x64
177 silly reify mark deleted [ '/app/node_modules/@img/sharp-darwin-x64' ]
178 verbose reify failed optional dependency /app/node_modules/@img/sharp-darwin-arm64
179 silly reify mark deleted [ '/app/node_modules/@img/sharp-darwin-arm64' ]
180 silly tarball no local data for geist@https://registry.npmjs.org/geist/-/geist-1.7.1.tgz. Extracting by manifest.
181 http fetch POST 200 https://registry.npmjs.org/-/npm/v1/security/advisories/bulk 234ms
182 silly audit report {
182 silly audit report   postcss: [
182 silly audit report     {
182 silly audit report       id: 1117015,
182 silly audit report       url: 'https://github.com/advisories/GHSA-qx2v-qp2m-jg93',
182 silly audit report       title: 'PostCSS has XSS via Unescaped </style> in its CSS Stringify Output',
182 silly audit report       severity: 'moderate',
182 silly audit report       vulnerable_versions: '<8.5.10',
182 silly audit report       cwe: [Array],
182 silly audit report       cvss: [Object]
182 silly audit report     }
182 silly audit report   ]
182 silly audit report }
183 silly packumentCache corgi:https://registry.npmjs.org/postcss cache-miss
184 http fetch GET 200 https://registry.npmjs.org/postcss 191ms (cache miss)
185 silly packumentCache corgi:https://registry.npmjs.org/postcss set size:undefined disposed:false
186 silly packumentCache corgi:https://registry.npmjs.org/next cache-miss
187 http fetch GET 200 https://registry.npmjs.org/geist/-/geist-1.7.1.tgz 892ms (cache miss)
188 http fetch GET 200 https://registry.npmjs.org/next 1157ms (cache miss)
189 silly packumentCache corgi:https://registry.npmjs.org/next set size:undefined disposed:false
190 silly packumentCache corgi:https://registry.npmjs.org/geist cache-miss
191 http fetch GET 200 https://registry.npmjs.org/geist 312ms (cache miss)
192 silly packumentCache corgi:https://registry.npmjs.org/geist set size:undefined disposed:false
193 silly ADD node_modules/geist
194 silly ADD
195 silly ADD
196 silly ADD
197 silly ADD
198 silly ADD
199 silly ADD
200 silly ADD
201 silly ADD
202 silly ADD
203 silly ADD
204 silly ADD
205 silly ADD
206 silly ADD
207 silly ADD
208 silly ADD
209 silly ADD
210 silly ADD
211 silly ADD
212 silly ADD
213 silly ADD
214 silly ADD
215 silly ADD
216 silly ADD
217 silly ADD
218 silly ADD
219 silly ADD
220 silly ADD
221 silly ADD
222 silly ADD
223 silly ADD
224 silly ADD
225 silly ADD
226 silly ADD
227 silly ADD
228 silly ADD
229 silly ADD
230 silly ADD
231 silly ADD
232 silly ADD
233 silly ADD
234 silly ADD
235 silly ADD
236 silly ADD
237 silly ADD
238 silly ADD
239 silly ADD
240 silly ADD
241 silly ADD
242 silly ADD
243 silly ADD
244 silly ADD
245 silly ADD
246 silly ADD
247 silly ADD
248 silly ADD
249 silly ADD
250 silly ADD
251 silly ADD
252 silly ADD
253 silly ADD
254 silly ADD
255 silly ADD
256 silly ADD
257 silly ADD
258 silly ADD
259 verbose cwd /app
260 verbose os Linux 6.8.0-117-generic
261 verbose node v20.20.2
262 verbose npm  v10.8.2
263 verbose exit 0
264 info ok
