0 verbose cli /usr/local/bin/node /usr/local/bin/npm
1 info using npm@10.8.2
2 info using node@v20.20.2
3 silly config load:file:/usr/local/lib/node_modules/npm/npmrc
4 silly config load:file:/app/.npmrc
5 silly config load:file:/.npmrc
6 silly config load:file:/usr/local/etc/npmrc
7 verbose title npm run dev
8 verbose argv "run" "dev"
9 verbose logfile logs-max:10 dir:/app/.npm/_logs/2026-05-28T23_58_43_116Z-
10 verbose logfile /app/.npm/_logs/2026-05-28T23_58_43_116Z-debug-0.log
11 silly logfile done cleaning log files
12 http fetch GET 200 https://registry.npmjs.org/npm 360ms
13 verbose stack Error: command failed
13 verbose stack     at promiseSpawn (/usr/local/lib/node_modules/npm/node_modules/@npmcli/promise-spawn/lib/index.js:22:22)
13 verbose stack     at spawnWithShell (/usr/local/lib/node_modules/npm/node_modules/@npmcli/promise-spawn/lib/index.js:124:10)
13 verbose stack     at promiseSpawn (/usr/local/lib/node_modules/npm/node_modules/@npmcli/promise-spawn/lib/index.js:12:12)
13 verbose stack     at runScriptPkg (/usr/local/lib/node_modules/npm/node_modules/@npmcli/run-script/lib/run-script-pkg.js:77:13)
13 verbose stack     at runScript (/usr/local/lib/node_modules/npm/node_modules/@npmcli/run-script/lib/run-script.js:9:12)
13 verbose stack     at #run (/usr/local/lib/node_modules/npm/lib/commands/run-script.js:130:13)
13 verbose stack     at async RunScript.exec (/usr/local/lib/node_modules/npm/lib/commands/run-script.js:39:7)
13 verbose stack     at async Npm.exec (/usr/local/lib/node_modules/npm/lib/npm.js:207:9)
13 verbose stack     at async module.exports (/usr/local/lib/node_modules/npm/lib/cli/entry.js:74:5)
14 verbose pkgid labz-app@0.1.0
15 error path /app
16 error command failed
17 error signal SIGTERM
18 error command sh -c next dev
19 verbose cwd /app
20 verbose os Linux 6.8.0-117-generic
21 verbose node v20.20.2
22 verbose npm  v10.8.2
23 notice
23 notice New [31mmajor[39m version of npm available! [31m10.8.2[39m -> [34m11.16.0[39m
23 notice Changelog: [34mhttps://github.com/npm/cli/releases/tag/v11.16.0[39m
23 notice To update run: [4mnpm install -g npm@11.16.0[24m
23 notice  { force: true, [Symbol(proc-log.meta)]: true }
24 verbose exit 1
25 verbose code 1
26 error A complete log of this run can be found in: /app/.npm/_logs/2026-05-28T23_58_43_116Z-debug-0.log
